<?xml version="1.0" encoding="UTF-8" ?>
<testsuite tests="44" failures="0" name="CloudContainers.CucumberTest" time="0.069" errors="0" skipped="4">
  <properties>
    <property name="java.runtime.name" value="Java(TM) SE Runtime Environment"/>
    <property name="java.vm.version" value="13.0.2+8"/>
    <property name="sun.boot.library.path" value="C:\Program Files\Java\jdk-13.0.2\bin"/>
    <property name="maven.multiModuleProjectDirectory" value="C:\Users\Bruger\git\CloudContainers"/>
    <property name="java.vm.vendor" value="Oracle Corporation"/>
    <property name="java.vendor.url" value="https://java.oracle.com/"/>
    <property name="guice.disable.misplaced.annotation.check" value="true"/>
    <property name="path.separator" value=";"/>
    <property name="java.vm.name" value="Java HotSpot(TM) 64-Bit Server VM"/>
    <property name="sun.os.patch.level" value=""/>
    <property name="user.script" value=""/>
    <property name="user.country" value="US"/>
    <property name="sun.java.launcher" value="SUN_STANDARD"/>
    <property name="java.vm.specification.name" value="Java Virtual Machine Specification"/>
    <property name="user.dir" value="C:\Users\Bruger\git\CloudContainers"/>
    <property name="java.vm.compressedOopsMode" value="Zero based"/>
    <property name="java.runtime.version" value="13.0.2+8"/>
    <property name="os.arch" value="amd64"/>
    <property name="java.io.tmpdir" value="C:\Users\Bruger\AppData\Local\Temp\"/>
    <property name="line.separator" value="
"/>
    <property name="java.vm.specification.vendor" value="Oracle Corporation"/>
    <property name="user.variant" value=""/>
    <property name="os.name" value="Windows 10"/>
    <property name="classworlds.conf" value="C:\Users\Bruger\OneDrive\DTU - General engineering\4. Semester\Agile Object-Oriented Software Development\.metadata\.plugins\org.eclipse.m2e.launching\launches\m2conf11853824559179375764.tmp"/>
    <property name="sun.jnu.encoding" value="Cp1252"/>
    <property name="java.library.path" value="C:\Program Files\Java\jdk-13.0.2\bin;C:\WINDOWS\Sun\Java\bin;C:\WINDOWS\system32;C:\WINDOWS;C:/Program Files/Java/jdk-13.0.2/bin/server;C:/Program Files/Java/jdk-13.0.2/bin;C:\Program Files\Python37\Scripts\;C:\Program Files\Python37\;C:\WINDOWS\system32;C:\WINDOWS;C:\WINDOWS\System32\Wbem;C:\WINDOWS\System32\WindowsPowerShell\v1.0\;C:\WINDOWS\System32\OpenSSH\;C:\Program Files\Intel\WiFi\bin\;C:\Program Files\Common Files\Intel\WirelessCommon\;C:\Program Files\PuTTY\;C:\Program Files\MATLAB\R2019b\bin;C:\Program Files\Git\cmd;C:\Users\Bruger\AppData\Local\Microsoft\WindowsApps;C:\Program Files (x86)\Microsoft Visual Studio\2019\Community\Common7\IDE\CommonExtensions\Microsoft\FSharp;C:\Users\Bruger\Desktop;;."/>
    <property name="jdk.debug" value="release"/>
    <property name="java.class.version" value="57.0"/>
    <property name="java.specification.name" value="Java Platform API Specification"/>
    <property name="sun.management.compiler" value="HotSpot 64-Bit Tiered Compilers"/>
    <property name="os.version" value="10.0"/>
    <property name="user.home" value="C:\Users\Bruger"/>
    <property name="user.timezone" value="Europe/Copenhagen"/>
    <property name="file.encoding" value="Cp1252"/>
    <property name="java.specification.version" value="13"/>
    <property name="user.name" value="Bruger"/>
    <property name="java.class.path" value="C:\Users\Bruger\.p2\pool\plugins\org.eclipse.m2e.maven.runtime_1.14.0.20191209-1923\jars\plexus-classworlds-2.6.0.jar"/>
    <property name="java.vm.specification.version" value="13"/>
    <property name="sun.arch.data.model" value="64"/>
    <property name="sun.java.command" value="org.codehaus.plexus.classworlds.launcher.Launcher -B test"/>
    <property name="java.home" value="C:\Program Files\Java\jdk-13.0.2"/>
    <property name="user.language" value="en"/>
    <property name="java.specification.vendor" value="Oracle Corporation"/>
    <property name="java.vm.info" value="mixed mode, sharing"/>
    <property name="java.version" value="13.0.2"/>
    <property name="java.vendor" value="Oracle Corporation"/>
    <property name="maven.home" value="C:\Users\Bruger\git\CloudContainers\EMBEDDED"/>
    <property name="file.separator" value="\"/>
    <property name="java.version.date" value="2020-01-14"/>
    <property name="java.vendor.url.bug" value="https://bugreport.java.com/bugreport/"/>
    <property name="sun.io.unicode.encoding" value="UnicodeLittle"/>
    <property name="sun.cpu.endian" value="little"/>
    <property name="sun.cpu.isalist" value="amd64"/>
  </properties>
  <testcase classname="Adding a client to register" name="New client succesfully added" time="0.023"/>
  <testcase classname="Adding a client to register" name="Client already exists" time="0.001"/>
  <testcase classname="Adding a client to register" name="Missing parameter" time="0"/>
  <testcase classname="Adding a client to register" name="Email is invalid" time="0.001"/>
  <testcase classname="Adding a client to register" name="Birthdate is invalid" time="0.001"/>
  <testcase classname="access data as client" name="access existing data" time="0.003"/>
  <testcase classname="access data as client" name="container does not exist" time="0.006"/>
  <testcase classname="access data as client" name="container is not owned by client" time="0.005"/>
  <testcase classname="access data as client" name="journey has not started" time="0"/>
  <testcase classname="Add container to journey" name="Successfully add a container to journey" time="0.001"/>
  <testcase classname="Add container to journey" name="Client does not exist" time="0.001"/>
  <testcase classname="Add container to journey" name="Container does not exist" time="0"/>
  <testcase classname="Add container to journey" name="Journey does not exist" time="0"/>
  <testcase classname="Allocate a container to a client" name="succesfull allocation" time="0"/>
  <testcase classname="Allocate a container to a client" name="container already owned" time="0.001"/>
  <testcase classname="Allocate a container to a client" name="container does not exist" time="0.001"/>
  <testcase classname="Allocate a container to a client" name="client does not exist" time="0.001"/>
  <testcase classname="End a journey" name="a journey successfully ended" time="0.001"/>
  <testcase classname="End a journey" name="journey does not exist" time="0"/>
  <testcase classname="Client wish to filter journey" name="client wish to filter journeys after port of origin" time="0.003"/>
  <testcase classname="Client wish to filter journey" name="client wish to filter journeys after destination" time="0"/>
  <testcase classname="Client wish to filter journey" name="no journey matching port of destination given by input" time="0.001"/>
  <testcase classname="Client wish to filter journey" name="no journey matching destination given by input" time="0"/>
  <testcase classname="Free a container" name="a container is successfully freed" time="0.002">
    <skipped/>
  </testcase>
  <testcase classname="Free a container" name="a container is successfully freed" time="0.003">
    <skipped/>
  </testcase>
  <testcase classname="Free a container" name="a container is successfully freed" time="0.003">
    <skipped/>
  </testcase>
  <testcase classname="Free a container" name="a container is successfully freed" time="0.003">
    <skipped/>
  </testcase>
  <testcase classname="Remove client" name="A logistic company wants to remove a client" time="0"/>
  <testcase classname="Remove client" name="A logistic company wants to remove a client" time="0.001"/>
  <testcase classname="Remove client" name="A logistic company tries to remove a non existing client" time="0"/>
  <testcase classname="Remove client" name="A logistic company tries to remove a non existing client" time="0"/>
  <testcase classname="elapse time for journey" name="Elapse time of journey for ten hours" time="0.001"/>
  <testcase classname="elapse time for journey" name="journey ends" time="0"/>
  <testcase classname="elapse time for journey" name="no container assigned to journey" time="0.001"/>
  <testcase classname="elapse time for journey" name="time increment is to small" time="0.001"/>
  <testcase classname="Logistic company search for client" name="Searching for an existing client" time="0.002"/>
  <testcase classname="Logistic company search for client" name="Searching for an existing client" time="0.001"/>
  <testcase classname="Logistic company search for client" name="Searching for a non existing client" time="0"/>
  <testcase classname="Logistic company search for client" name="Searching for a non existing client" time="0"/>
  <testcase classname="Update client information" name="Client wants to update email" time="0.001"/>
  <testcase classname="Update client information" name="Client wants to update phone number" time="0"/>
  <testcase classname="Title of your feature" name="Logistic company wants to update the port of origin of a journey" time="0"/>
  <testcase classname="Title of your feature" name="Logistic company wants to update the destination of a journey" time="0"/>
  <testcase classname="Title of your feature" name="Journey does not exist" time="0"/>
</testsuite>