<?xml version="1.0" encoding="UTF-8" ?>
<testsuite tests="9" failures="0" name="CloudContainers.CucumberTest" time="0.014" errors="2" skipped="7">
  <properties>
    <property name="java.runtime.name" value="Java(TM) SE Runtime Environment"/>
    <property name="java.vm.version" value="11+28"/>
    <property name="sun.boot.library.path" value="C:\Program Files\Java\jdk-11\bin"/>
    <property name="maven.multiModuleProjectDirectory" value="C:\Users\victo\git\CloudContainers"/>
    <property name="java.vm.vendor" value="Oracle Corporation"/>
    <property name="java.vendor.url" value="http://java.oracle.com/"/>
    <property name="guice.disable.misplaced.annotation.check" value="true"/>
    <property name="path.separator" value=";"/>
    <property name="java.vm.name" value="Java HotSpot(TM) 64-Bit Server VM"/>
    <property name="sun.os.patch.level" value=""/>
    <property name="user.script" value=""/>
    <property name="user.country" value="US"/>
    <property name="sun.java.launcher" value="SUN_STANDARD"/>
    <property name="java.vm.specification.name" value="Java Virtual Machine Specification"/>
    <property name="user.dir" value="C:\Users\victo\git\CloudContainers"/>
    <property name="java.vm.compressedOopsMode" value="Zero based"/>
    <property name="java.runtime.version" value="11+28"/>
    <property name="java.awt.graphicsenv" value="sun.awt.Win32GraphicsEnvironment"/>
    <property name="os.arch" value="amd64"/>
    <property name="java.io.tmpdir" value="C:\Users\victo\AppData\Local\Temp\"/>
    <property name="line.separator" value="
"/>
    <property name="java.vm.specification.vendor" value="Oracle Corporation"/>
    <property name="user.variant" value=""/>
    <property name="os.name" value="Windows 10"/>
    <property name="classworlds.conf" value="C:\Users\victo\eclipse-workspace\.metadata\.plugins\org.eclipse.m2e.launching\launches\m2conf3150548294153920649.tmp"/>
    <property name="sun.jnu.encoding" value="Cp1252"/>
    <property name="java.library.path" value="C:\Program Files\Java\jdk-11\bin;C:\WINDOWS\Sun\Java\bin;C:\WINDOWS\system32;C:\WINDOWS;C:/Users/victo/Downloads/processing-3.5.3-windows64/processing-3.5.3/java/bin/server;C:/Users/victo/Downloads/processing-3.5.3-windows64/processing-3.5.3/java/bin;C:/Users/victo/Downloads/processing-3.5.3-windows64/processing-3.5.3/java/lib/amd64;C:\Windows\system32;C:\Windows;C:\Windows\System32\Wbem;C:\Users\victo\AppData\Local\Programs\Python\Python37-32;C:\Users\victo\AppData\Local\Programs\Python\Python37-32\Scripts;C:\Program Files\heroku\bin;C:\Program Files\Git\bin;C:\Users\victo\Downloads\processing-3.5.3-windows64\processing-3.5.3\java\bin;C:\Users\victo\AppData\Local\Programs\Python\Python37-32;C:\Windows;;."/>
    <property name="jdk.debug" value="release"/>
    <property name="java.class.version" value="55.0"/>
    <property name="java.specification.name" value="Java Platform API Specification"/>
    <property name="sun.management.compiler" value="HotSpot 64-Bit Tiered Compilers"/>
    <property name="os.version" value="10.0"/>
    <property name="user.home" value="C:\Users\victo"/>
    <property name="user.timezone" value="Europe/Paris"/>
    <property name="java.awt.printerjob" value="sun.awt.windows.WPrinterJob"/>
    <property name="file.encoding" value="Cp1252"/>
    <property name="java.specification.version" value="11"/>
    <property name="user.name" value="victo"/>
    <property name="java.class.path" value="C:\Users\victo\.p2\pool\plugins\org.eclipse.m2e.maven.runtime_1.14.0.20191209-1923\jars\plexus-classworlds-2.6.0.jar"/>
    <property name="java.vm.specification.version" value="11"/>
    <property name="sun.arch.data.model" value="64"/>
    <property name="sun.java.command" value="org.codehaus.plexus.classworlds.launcher.Launcher -B test"/>
    <property name="java.home" value="C:\Program Files\Java\jdk-11"/>
    <property name="user.language" value="en"/>
    <property name="java.specification.vendor" value="Oracle Corporation"/>
    <property name="awt.toolkit" value="sun.awt.windows.WToolkit"/>
    <property name="java.vm.info" value="mixed mode"/>
    <property name="java.version" value="11"/>
    <property name="java.vendor" value="Oracle Corporation"/>
    <property name="maven.home" value="C:\Users\victo\git\CloudContainers\EMBEDDED"/>
    <property name="file.separator" value="\"/>
    <property name="java.version.date" value="2018-09-25"/>
    <property name="java.vendor.url.bug" value="http://bugreport.java.com/bugreport/"/>
    <property name="sun.io.unicode.encoding" value="UnicodeLittle"/>
    <property name="sun.cpu.endian" value="little"/>
    <property name="java.vendor.version" value="18.9"/>
    <property name="sun.desktop" value="windows"/>
    <property name="sun.cpu.isalist" value="amd64"/>
  </properties>
  <testcase classname="Adding a client to register" name="New client succesfully added" time="0.01">
    <error type="java.lang.NullPointerException">java.lang.NullPointerException
	at CloudContainers.LogisticCompany.newClient(LogisticCompany.java:97)
	at CloudContainers.StepDefinition.informations_is_entered(StepDefinition.java:34)
	at ✽.Informations is entered(file:src/main/resources/AddClient.feature:25)
</error>
    <system-err>Apr 15, 2020 5:52:34 PM cucumber.runtime.java.ObjectFactoryLoader loadSingleObjectFactory
INFO: Loading ObjectFactory via service loader: io.cucumber.picocontainer.PicoFactory
</system-err>
  </testcase>
  <testcase classname="Adding a client to register" name="Client already exists" time="0">
    <error type="java.lang.NullPointerException">java.lang.NullPointerException
	at CloudContainers.LogisticCompany.newClient(LogisticCompany.java:97)
	at CloudContainers.StepDefinition.existing_client(StepDefinition.java:47)
	at ✽.existing client(file:src/main/resources/AddClient.feature:31)
</error>
  </testcase>
  <testcase classname="Adding a client to register" name="Missing parameter" time="0.001">
    <skipped/>
  </testcase>
  <testcase classname="Adding a client to register" name="Email is invalid" time="0.001">
    <skipped/>
  </testcase>
  <testcase classname="Adding a client to register" name="Email is invalid" time="0.001">
    <skipped/>
  </testcase>
  <testcase classname="Adding a client to register" name="Email is invalid" time="0.001">
    <skipped/>
  </testcase>
  <testcase classname="Adding a client to register" name="Birthdate is invalid" time="0">
    <skipped/>
  </testcase>
  <testcase classname="Adding a client to register" name="Birthdate is invalid" time="0">
    <skipped/>
  </testcase>
  <testcase classname="Adding a client to register" name="Birthdate is invalid" time="0">
    <skipped/>
  </testcase>
</testsuite>